ls: cannot access '*.fastq': No such file or directory
/home/rstudio/disk/sra_data:
Skipping '/home/rstudio/disk/sra_data//home/rstudio/disk/sra_data:' which didn't exist, or couldn't be read
SRR3308972_1.fastq
Started analysis of SRR3308972_1.fastq
Approx 5% complete for SRR3308972_1.fastq
Approx 10% complete for SRR3308972_1.fastq
Approx 15% complete for SRR3308972_1.fastq
Approx 20% complete for SRR3308972_1.fastq
Approx 25% complete for SRR3308972_1.fastq
Approx 30% complete for SRR3308972_1.fastq
Approx 35% complete for SRR3308972_1.fastq
Approx 40% complete for SRR3308972_1.fastq
Approx 45% complete for SRR3308972_1.fastq
Approx 50% complete for SRR3308972_1.fastq
Approx 55% complete for SRR3308972_1.fastq
Approx 60% complete for SRR3308972_1.fastq
Approx 65% complete for SRR3308972_1.fastq
Approx 70% complete for SRR3308972_1.fastq
Approx 75% complete for SRR3308972_1.fastq
Approx 80% complete for SRR3308972_1.fastq
Approx 85% complete for SRR3308972_1.fastq
Approx 90% complete for SRR3308972_1.fastq
Approx 95% complete for SRR3308972_1.fastq
Analysis complete for SRR3308972_1.fastq
SRR3308972_2.fastq
Started analysis of SRR3308972_2.fastq
Approx 5% complete for SRR3308972_2.fastq
Approx 10% complete for SRR3308972_2.fastq
./get_fastq.sh: line 17: SRR: command not found
Approx 15% complete for SRR3308972_2.fastq
Approx 20% complete for SRR3308972_2.fastq
Approx 25% complete for SRR3308972_2.fastq
Approx 30% complete for SRR3308972_2.fastq
Approx 35% complete for SRR3308972_2.fastq
Approx 40% complete for SRR3308972_2.fastq
Approx 45% complete for SRR3308972_2.fastq
Approx 50% complete for SRR3308972_2.fastq
Approx 55% complete for SRR3308972_2.fastq
Approx 60% complete for SRR3308972_2.fastq
Approx 65% complete for SRR3308972_2.fastq
Approx 70% complete for SRR3308972_2.fastq
Approx 75% complete for SRR3308972_2.fastq
Approx 80% complete for SRR3308972_2.fastq
Approx 85% complete for SRR3308972_2.fastq
Approx 90% complete for SRR3308972_2.fastq
Approx 95% complete for SRR3308972_2.fastq
Analysis complete for SRR3308972_2.fastq
SRR3308973_1.fastq
Started analysis of SRR3308973_1.fastq
Approx 5% complete for SRR3308973_1.fastq
Approx 10% complete for SRR3308973_1.fastq
Approx 15% complete for SRR3308973_1.fastq
Approx 20% complete for SRR3308973_1.fastq
Approx 25% complete for SRR3308973_1.fastq
Approx 30% complete for SRR3308973_1.fastq
Approx 35% complete for SRR3308973_1.fastq
Approx 40% complete for SRR3308973_1.fastq
Approx 45% complete for SRR3308973_1.fastq
Approx 50% complete for SRR3308973_1.fastq
Approx 55% complete for SRR3308973_1.fastq
Approx 60% complete for SRR3308973_1.fastq
Approx 65% complete for SRR3308973_1.fastq
Approx 70% complete for SRR3308973_1.fastq
Approx 75% complete for SRR3308973_1.fastq
Approx 80% complete for SRR3308973_1.fastq
Approx 85% complete for SRR3308973_1.fastq
Approx 90% complete for SRR3308973_1.fastq
Approx 95% complete for SRR3308973_1.fastq
Analysis complete for SRR3308973_1.fastq
SRR3308973_2.fastq
Started analysis of SRR3308973_2.fastq
Approx 5% complete for SRR3308973_2.fastq
Approx 10% complete for SRR3308973_2.fastq
Approx 15% complete for SRR3308973_2.fastq
Approx 20% complete for SRR3308973_2.fastq
Approx 25% complete for SRR3308973_2.fastq
Approx 30% complete for SRR3308973_2.fastq
Approx 35% complete for SRR3308973_2.fastq
Approx 40% complete for SRR3308973_2.fastq
Approx 45% complete for SRR3308973_2.fastq
Approx 50% complete for SRR3308973_2.fastq
Approx 55% complete for SRR3308973_2.fastq
Approx 60% complete for SRR3308973_2.fastq
Approx 65% complete for SRR3308973_2.fastq
Approx 70% complete for SRR3308973_2.fastq
Approx 75% complete for SRR3308973_2.fastq
Approx 80% complete for SRR3308973_2.fastq
Approx 85% complete for SRR3308973_2.fastq
Approx 90% complete for SRR3308973_2.fastq
Approx 95% complete for SRR3308973_2.fastq
Analysis complete for SRR3308973_2.fastq
SRR3308974_1.fastq
Started analysis of SRR3308974_1.fastq
Approx 5% complete for SRR3308974_1.fastq
Approx 10% complete for SRR3308974_1.fastq
Approx 15% complete for SRR3308974_1.fastq
Approx 20% complete for SRR3308974_1.fastq
Approx 25% complete for SRR3308974_1.fastq
Approx 30% complete for SRR3308974_1.fastq
Approx 35% complete for SRR3308974_1.fastq
Approx 40% complete for SRR3308974_1.fastq
Approx 45% complete for SRR3308974_1.fastq
Approx 50% complete for SRR3308974_1.fastq
Approx 55% complete for SRR3308974_1.fastq
Approx 60% complete for SRR3308974_1.fastq
Approx 65% complete for SRR3308974_1.fastq
Approx 70% complete for SRR3308974_1.fastq
Approx 75% complete for SRR3308974_1.fastq
Approx 80% complete for SRR3308974_1.fastq
Approx 85% complete for SRR3308974_1.fastq
Approx 90% complete for SRR3308974_1.fastq
Approx 95% complete for SRR3308974_1.fastq
Analysis complete for SRR3308974_1.fastq
SRR3308974_2.fastq
Started analysis of SRR3308974_2.fastq
Approx 5% complete for SRR3308974_2.fastq
Approx 10% complete for SRR3308974_2.fastq
Approx 15% complete for SRR3308974_2.fastq
Approx 20% complete for SRR3308974_2.fastq
Approx 25% complete for SRR3308974_2.fastq
Approx 30% complete for SRR3308974_2.fastq
Approx 35% complete for SRR3308974_2.fastq
Approx 40% complete for SRR3308974_2.fastq
Approx 45% complete for SRR3308974_2.fastq
Approx 50% complete for SRR3308974_2.fastq
Approx 55% complete for SRR3308974_2.fastq
Approx 60% complete for SRR3308974_2.fastq
Approx 65% complete for SRR3308974_2.fastq
Approx 70% complete for SRR3308974_2.fastq
Approx 75% complete for SRR3308974_2.fastq
Approx 80% complete for SRR3308974_2.fastq
Approx 85% complete for SRR3308974_2.fastq
Approx 90% complete for SRR3308974_2.fastq
Approx 95% complete for SRR3308974_2.fastq
Analysis complete for SRR3308974_2.fastq
SRR3308975_1.fastq
Started analysis of SRR3308975_1.fastq
Approx 5% complete for SRR3308975_1.fastq
Approx 10% complete for SRR3308975_1.fastq
Approx 15% complete for SRR3308975_1.fastq
Approx 20% complete for SRR3308975_1.fastq
Approx 25% complete for SRR3308975_1.fastq
Approx 30% complete for SRR3308975_1.fastq
Approx 35% complete for SRR3308975_1.fastq
Approx 40% complete for SRR3308975_1.fastq
Approx 45% complete for SRR3308975_1.fastq
Approx 50% complete for SRR3308975_1.fastq
Approx 55% complete for SRR3308975_1.fastq
Approx 60% complete for SRR3308975_1.fastq
Approx 65% complete for SRR3308975_1.fastq
Approx 70% complete for SRR3308975_1.fastq
Approx 75% complete for SRR3308975_1.fastq
Approx 80% complete for SRR3308975_1.fastq
Approx 85% complete for SRR3308975_1.fastq
Approx 90% complete for SRR3308975_1.fastq
Approx 95% complete for SRR3308975_1.fastq
Analysis complete for SRR3308975_1.fastq
SRR3308975_2.fastq
Started analysis of SRR3308975_2.fastq
Approx 5% complete for SRR3308975_2.fastq
Approx 10% complete for SRR3308975_2.fastq
Approx 15% complete for SRR3308975_2.fastq
Approx 20% complete for SRR3308975_2.fastq
Approx 25% complete for SRR3308975_2.fastq
Approx 30% complete for SRR3308975_2.fastq
Approx 35% complete for SRR3308975_2.fastq
Approx 40% complete for SRR3308975_2.fastq
Approx 45% complete for SRR3308975_2.fastq
Approx 50% complete for SRR3308975_2.fastq
Approx 55% complete for SRR3308975_2.fastq
Approx 60% complete for SRR3308975_2.fastq
Approx 65% complete for SRR3308975_2.fastq
Approx 70% complete for SRR3308975_2.fastq
Approx 75% complete for SRR3308975_2.fastq
Approx 80% complete for SRR3308975_2.fastq
Approx 85% complete for SRR3308975_2.fastq
Approx 90% complete for SRR3308975_2.fastq
Approx 95% complete for SRR3308975_2.fastq
Analysis complete for SRR3308975_2.fastq
Read 26772649 spots for SRR3308956
Written 26772649 spots for SRR3308956
Read 23174695 spots for SRR3308957
Written 23174695 spots for SRR3308957
ls: cannot access '*.fastq': No such file or directory
SRR3308956 SRR3308957
Skipping '/home/rstudio/disk/sra_data/SRR3308956' which didn't exist, or couldn't be read
Skipping 'SRR3308957' which didn't exist, or couldn't be read
ls: cannot access '*.fastq': No such file or directory
sample1,
Skipping '/home/rstudio/disk/sra_data/sample1,' which didn't exist, or couldn't be read
sample2,
Skipping '/home/rstudio/disk/sra_data/sample2,' which didn't exist, or couldn't be read
sample3,
Skipping '/home/rstudio/disk/sra_data/sample3,' which didn't exist, or couldn't be read
sample4
Skipping '/home/rstudio/disk/sra_data/sample4' which didn't exist, or couldn't be read
ls: cannot access '*.fastq': No such file or directory
sample1,
Skipping '/home/rstudio/disk/sra_data/sample1,' which didn't exist, or couldn't be read
sample2,
Skipping '/home/rstudio/disk/sra_data/sample2,' which didn't exist, or couldn't be read
sample3,
Skipping '/home/rstudio/disk/sra_data/sample3,' which didn't exist, or couldn't be read
sample4
Skipping '/home/rstudio/disk/sra_data/sample4' which didn't exist, or couldn't be read
/home/rstudio/disk/sra_data/SRR3308956_1.fastq
Skipping '/home/rstudio/disk/sra_data//home/rstudio/disk/sra_data/SRR3308956_1.fastq' which didn't exist, or couldn't be read
/home/rstudio/disk/sra_data/SRR3308956_2.fastq
Skipping '/home/rstudio/disk/sra_data//home/rstudio/disk/sra_data/SRR3308956_2.fastq' which didn't exist, or couldn't be read
/home/rstudio/disk/sra_data/SRR3308957_1.fastq
Skipping '/home/rstudio/disk/sra_data//home/rstudio/disk/sra_data/SRR3308957_1.fastq' which didn't exist, or couldn't be read
/home/rstudio/disk/sra_data/SRR3308957_2.fastq
Skipping '/home/rstudio/disk/sra_data//home/rstudio/disk/sra_data/SRR3308957_2.fastq' which didn't exist, or couldn't be read
